1 134217728 bytes (134 MB, 128 MiB) copied, 9.03093 s, 14.9 MB/s
2 134217728 bytes (134 MB, 128 MiB) copied, 9.02283 s, 14.9 MB/s
3 134217728 bytes (134 MB, 128 MiB) copied, 3.62702 s, 37.0 MB/s
4 134217728 bytes (134 MB, 128 MiB) copied, 3.69284 s, 36.3 MB/s
5 134217728 bytes (134 MB, 128 MiB) copied, 3.84283 s, 34.9 MB/s
6 134217728 bytes (134 MB, 128 MiB) copied, 3.86715 s, 34.7 MB/s
7 134217728 bytes (134 MB, 128 MiB) copied, 3.56985 s, 37.6 MB/s
8 134217728 bytes (134 MB, 128 MiB) copied, 3.68355 s, 36.4 MB/s
9 134217728 bytes (134 MB, 128 MiB) copied, 3.84274 s, 34.9 MB/s
10 134217728 bytes (134 MB, 128 MiB) copied, 3.8686 s, 34.7 MB/s
11 134217728 bytes (134 MB, 128 MiB) copied, 3.87648 s, 34.6 MB/s
12 134217728 bytes (134 MB, 128 MiB) copied, 3.80882 s, 35.2 MB/s
13 134217728 bytes (134 MB, 128 MiB) copied, 3.80407 s, 35.3 MB/s
14 134217728 bytes (134 MB, 128 MiB) copied, 3.76657 s, 35.6 MB/s
15 134217728 bytes (134 MB, 128 MiB) copied, 3.69072 s, 36.4 MB/s
16 134217728 bytes (134 MB, 128 MiB) copied, 3.54814 s, 37.8 MB/s
17 134217728 bytes (134 MB, 128 MiB) copied, 3.527 s, 38.1 MB/s
18 134217728 bytes (134 MB, 128 MiB) copied, 3.53105 s, 38.0 MB/s
19 134217728 bytes (134 MB, 128 MiB) copied, 3.5284 s, 38.0 MB/s
20 134217728 bytes (134 MB, 128 MiB) copied, 3.53736 s, 37.9 MB/s
21 134217728 bytes (134 MB, 128 MiB) copied, 3.52421 s, 38.1 MB/s
22 134217728 bytes (134 MB, 128 MiB) copied, 3.54608 s, 37.8 MB/s
23 134217728 bytes (134 MB, 128 MiB) copied, 3.55899 s, 37.7 MB/s
24 134217728 bytes (134 MB, 128 MiB) copied, 3.60512 s, 37.2 MB/s
25 134217728 bytes (134 MB, 128 MiB) copied, 3.6265 s, 37.0 MB/s
26 134217728 bytes (134 MB, 128 MiB) copied, 3.76767 s, 35.6 MB/s
27 134217728 bytes (134 MB, 128 MiB) copied, 3.7869 s, 35.4 MB/s
28 134217728 bytes (134 MB, 128 MiB) copied, 3.78275 s, 35.5 MB/s
29 134217728 bytes (134 MB, 128 MiB) copied, 3.7855 s, 35.5 MB/s
30 134217728 bytes (134 MB, 128 MiB) copied, 3.69273 s, 36.3 MB/s
31 134217728 bytes (134 MB, 128 MiB) copied, 3.52365 s, 38.1 MB/s
32 134217728 bytes (134 MB, 128 MiB) copied, 3.56212 s, 37.7 MB/s
33 134217728 bytes (134 MB, 128 MiB) copied, 3.60007 s, 37.3 MB/s
34 134217728 bytes (134 MB, 128 MiB) copied, 3.60715 s, 37.2 MB/s
35 134217728 bytes (134 MB, 128 MiB) copied, 3.61705 s, 37.1 MB/s
36 134217728 bytes (134 MB, 128 MiB) copied, 3.60422 s, 37.2 MB/s
37 134217728 bytes (134 MB, 128 MiB) copied, 3.60009 s, 37.3 MB/s
38 134217728 bytes (134 MB, 128 MiB) copied, 3.5987 s, 37.3 MB/s
39 134217728 bytes (134 MB, 128 MiB) copied, 3.5435 s, 37.9 MB/s
40 134217728 bytes (134 MB, 128 MiB) copied, 3.58222 s, 37.5 MB/s
41 134217728 bytes (134 MB, 128 MiB) copied, 3.58115 s, 37.5 MB/s
42 134217728 bytes (134 MB, 128 MiB) copied, 3.52283 s, 38.1 MB/s
43 134217728 bytes (134 MB, 128 MiB) copied, 3.53016 s, 38.0 MB/s
44 134217728 bytes (134 MB, 128 MiB) copied, 3.59911 s, 37.3 MB/s
45 134217728 bytes (134 MB, 128 MiB) copied, 3.58821 s, 37.4 MB/s
46 134217728 bytes (134 MB, 128 MiB) copied, 3.54308 s, 37.9 MB/s
47 134217728 bytes (134 MB, 128 MiB) copied, 3.56606 s, 37.6 MB/s
48 134217728 bytes (134 MB, 128 MiB) copied, 3.61892 s, 37.1 MB/s
49 134217728 bytes (134 MB, 128 MiB) copied, 3.60699 s, 37.2 MB/s
50 134217728 bytes (134 MB, 128 MiB) copied, 3.52307 s, 38.1 MB/s
51 134217728 bytes (134 MB, 128 MiB) copied, 3.52674 s, 38.1 MB/s
52 134217728 bytes (134 MB, 128 MiB) copied, 3.52513 s, 38.1 MB/s
53 134217728 bytes (134 MB, 128 MiB) copied, 3.53971 s, 37.9 MB/s
54 134217728 bytes (134 MB, 128 MiB) copied, 3.55799 s, 37.7 MB/s
55 134217728 bytes (134 MB, 128 MiB) copied, 3.58364 s, 37.5 MB/s
56 134217728 bytes (134 MB, 128 MiB) copied, 3.5193 s, 38.1 MB/s
57 134217728 bytes (134 MB, 128 MiB) copied, 3.5381 s, 37.9 MB/s
58 134217728 bytes (134 MB, 128 MiB) copied, 3.57113 s, 37.6 MB/s
59 134217728 bytes (134 MB, 128 MiB) copied, 3.52237 s, 38.1 MB/s
60 134217728 bytes (134 MB, 128 MiB) copied, 3.58643 s, 37.4 MB/s
61 134217728 bytes (134 MB, 128 MiB) copied, 3.64861 s, 36.8 MB/s
62 134217728 bytes (134 MB, 128 MiB) copied, 3.60711 s, 37.2 MB/s
63 134217728 bytes (134 MB, 128 MiB) copied, 3.61698 s, 37.1 MB/s
64 134217728 bytes (134 MB, 128 MiB) copied, 3.62822 s, 37.0 MB/s
65 134217728 bytes (134 MB, 128 MiB) copied, 3.6262 s, 37.0 MB/s
66 134217728 bytes (134 MB, 128 MiB) copied, 3.63601 s, 36.9 MB/s
67 134217728 bytes (134 MB, 128 MiB) copied, 3.61997 s, 37.1 MB/s
68 134217728 bytes (134 MB, 128 MiB) copied, 3.61875 s, 37.1 MB/s
69 134217728 bytes (134 MB, 128 MiB) copied, 3.66909 s, 36.6 MB/s
70 134217728 bytes (134 MB, 128 MiB) copied, 3.62759 s, 37.0 MB/s
71 134217728 bytes (134 MB, 128 MiB) copied, 3.59998 s, 37.3 MB/s
72 134217728 bytes (134 MB, 128 MiB) copied, 3.67802 s, 36.5 MB/s
73 134217728 bytes (134 MB, 128 MiB) copied, 3.6266 s, 37.0 MB/s
74 134217728 bytes (134 MB, 128 MiB) copied, 3.62206 s, 37.1 MB/s
75 134217728 bytes (134 MB, 128 MiB) copied, 3.57658 s, 37.5 MB/s
76 134217728 bytes (134 MB, 128 MiB) copied, 3.53601 s, 38.0 MB/s
77 134217728 bytes (134 MB, 128 MiB) copied, 3.55493 s, 37.8 MB/s
78 134217728 bytes (134 MB, 128 MiB) copied, 3.61529 s, 37.1 MB/s
79 134217728 bytes (134 MB, 128 MiB) copied, 3.60506 s, 37.2 MB/s
80 134217728 bytes (134 MB, 128 MiB) copied, 3.56887 s, 37.6 MB/s
81 134217728 bytes (134 MB, 128 MiB) copied, 3.56763 s, 37.6 MB/s
82 134217728 bytes (134 MB, 128 MiB) copied, 3.52923 s, 38.0 MB/s
83 134217728 bytes (134 MB, 128 MiB) copied, 3.54249 s, 37.9 MB/s
84 134217728 bytes (134 MB, 128 MiB) copied, 3.51812 s, 38.2 MB/s
85 134217728 bytes (134 MB, 128 MiB) copied, 3.54553 s, 37.9 MB/s
86 134217728 bytes (134 MB, 128 MiB) copied, 3.54184 s, 37.9 MB/s
87 134217728 bytes (134 MB, 128 MiB) copied, 3.53471 s, 38.0 MB/s
88 134217728 bytes (134 MB, 128 MiB) copied, 3.57278 s, 37.6 MB/s
89 134217728 bytes (134 MB, 128 MiB) copied, 3.53097 s, 38.0 MB/s
90 134217728 bytes (134 MB, 128 MiB) copied, 3.53229 s, 38.0 MB/s
91 134217728 bytes (134 MB, 128 MiB) copied, 3.57562 s, 37.5 MB/s
92 134217728 bytes (134 MB, 128 MiB) copied, 3.55174 s, 37.8 MB/s
93 134217728 bytes (134 MB, 128 MiB) copied, 3.55418 s, 37.8 MB/s
94 134217728 bytes (134 MB, 128 MiB) copied, 3.59253 s, 37.4 MB/s
95 134217728 bytes (134 MB, 128 MiB) copied, 3.56484 s, 37.7 MB/s
96 134217728 bytes (134 MB, 128 MiB) copied, 3.58064 s, 37.5 MB/s
97 134217728 bytes (134 MB, 128 MiB) copied, 3.58468 s, 37.4 MB/s
98 134217728 bytes (134 MB, 128 MiB) copied, 3.56399 s, 37.7 MB/s
99 134217728 bytes (134 MB, 128 MiB) copied, 3.5702 s, 37.6 MB/s
100 134217728 bytes (134 MB, 128 MiB) copied, 3.60038 s, 37.3 MB/s
