1 134217728 bytes (134 MB, 128 MiB) copied, 4.66893 s, 28.7 MB/s
2 134217728 bytes (134 MB, 128 MiB) copied, 4.99291 s, 26.9 MB/s
3 134217728 bytes (134 MB, 128 MiB) copied, 4.76369 s, 28.2 MB/s
4 134217728 bytes (134 MB, 128 MiB) copied, 5.11775 s, 26.2 MB/s
5 134217728 bytes (134 MB, 128 MiB) copied, 4.91904 s, 27.3 MB/s
6 134217728 bytes (134 MB, 128 MiB) copied, 4.86553 s, 27.6 MB/s
7 134217728 bytes (134 MB, 128 MiB) copied, 4.96704 s, 27.0 MB/s
8 134217728 bytes (134 MB, 128 MiB) copied, 5.15331 s, 26.0 MB/s
9 134217728 bytes (134 MB, 128 MiB) copied, 6.86958 s, 19.5 MB/s
10 134217728 bytes (134 MB, 128 MiB) copied, 8.84175 s, 15.2 MB/s
11 134217728 bytes (134 MB, 128 MiB) copied, 9.63847 s, 13.9 MB/s
12 134217728 bytes (134 MB, 128 MiB) copied, 8.81909 s, 15.2 MB/s
13 134217728 bytes (134 MB, 128 MiB) copied, 8.88907 s, 15.1 MB/s
14 134217728 bytes (134 MB, 128 MiB) copied, 9.48906 s, 14.1 MB/s
15 134217728 bytes (134 MB, 128 MiB) copied, 8.77622 s, 15.3 MB/s
16 134217728 bytes (134 MB, 128 MiB) copied, 8.72266 s, 15.4 MB/s
17 134217728 bytes (134 MB, 128 MiB) copied, 9.23298 s, 14.5 MB/s
18 134217728 bytes (134 MB, 128 MiB) copied, 9.01866 s, 14.9 MB/s
19 134217728 bytes (134 MB, 128 MiB) copied, 8.74853 s, 15.3 MB/s
20 134217728 bytes (134 MB, 128 MiB) copied, 9.42863 s, 14.2 MB/s
21 134217728 bytes (134 MB, 128 MiB) copied, 8.71831 s, 15.4 MB/s
22 134217728 bytes (134 MB, 128 MiB) copied, 8.98135 s, 14.9 MB/s
23 134217728 bytes (134 MB, 128 MiB) copied, 9.44521 s, 14.2 MB/s
24 134217728 bytes (134 MB, 128 MiB) copied, 8.84717 s, 15.2 MB/s
25 134217728 bytes (134 MB, 128 MiB) copied, 8.80251 s, 15.2 MB/s
26 134217728 bytes (134 MB, 128 MiB) copied, 8.69262 s, 15.4 MB/s
27 134217728 bytes (134 MB, 128 MiB) copied, 9.38159 s, 14.3 MB/s
28 134217728 bytes (134 MB, 128 MiB) copied, 8.86887 s, 15.1 MB/s
29 134217728 bytes (134 MB, 128 MiB) copied, 8.93182 s, 15.0 MB/s
30 134217728 bytes (134 MB, 128 MiB) copied, 8.88072 s, 15.1 MB/s
31 134217728 bytes (134 MB, 128 MiB) copied, 9.41688 s, 14.3 MB/s
32 134217728 bytes (134 MB, 128 MiB) copied, 8.8895 s, 15.1 MB/s
33 134217728 bytes (134 MB, 128 MiB) copied, 9.08556 s, 14.8 MB/s
34 134217728 bytes (134 MB, 128 MiB) copied, 9.13705 s, 14.7 MB/s
35 134217728 bytes (134 MB, 128 MiB) copied, 8.77494 s, 15.3 MB/s
36 134217728 bytes (134 MB, 128 MiB) copied, 8.88523 s, 15.1 MB/s
37 134217728 bytes (134 MB, 128 MiB) copied, 9.69683 s, 13.8 MB/s
38 134217728 bytes (134 MB, 128 MiB) copied, 8.80194 s, 15.2 MB/s
39 134217728 bytes (134 MB, 128 MiB) copied, 8.90515 s, 15.1 MB/s
40 134217728 bytes (134 MB, 128 MiB) copied, 9.47938 s, 14.2 MB/s
41 134217728 bytes (134 MB, 128 MiB) copied, 8.77076 s, 15.3 MB/s
42 134217728 bytes (134 MB, 128 MiB) copied, 8.90494 s, 15.1 MB/s
43 134217728 bytes (134 MB, 128 MiB) copied, 9.42232 s, 14.2 MB/s
44 134217728 bytes (134 MB, 128 MiB) copied, 8.91598 s, 15.1 MB/s
45 134217728 bytes (134 MB, 128 MiB) copied, 9.58114 s, 14.0 MB/s
46 134217728 bytes (134 MB, 128 MiB) copied, 8.75057 s, 15.3 MB/s
47 134217728 bytes (134 MB, 128 MiB) copied, 9.6976 s, 13.8 MB/s
48 134217728 bytes (134 MB, 128 MiB) copied, 9.11322 s, 14.7 MB/s
49 134217728 bytes (134 MB, 128 MiB) copied, 9.21774 s, 14.6 MB/s
50 134217728 bytes (134 MB, 128 MiB) copied, 9.09354 s, 14.8 MB/s
51 134217728 bytes (134 MB, 128 MiB) copied, 8.97093 s, 15.0 MB/s
52 134217728 bytes (134 MB, 128 MiB) copied, 9.2659 s, 14.5 MB/s
53 134217728 bytes (134 MB, 128 MiB) copied, 9.22245 s, 14.6 MB/s
54 134217728 bytes (134 MB, 128 MiB) copied, 8.77582 s, 15.3 MB/s
55 134217728 bytes (134 MB, 128 MiB) copied, 9.19365 s, 14.6 MB/s
56 134217728 bytes (134 MB, 128 MiB) copied, 9.21274 s, 14.6 MB/s
57 134217728 bytes (134 MB, 128 MiB) copied, 8.78371 s, 15.3 MB/s
58 134217728 bytes (134 MB, 128 MiB) copied, 9.24457 s, 14.5 MB/s
59 134217728 bytes (134 MB, 128 MiB) copied, 9.3054 s, 14.4 MB/s
60 134217728 bytes (134 MB, 128 MiB) copied, 8.72415 s, 15.4 MB/s
61 134217728 bytes (134 MB, 128 MiB) copied, 8.79079 s, 15.3 MB/s
62 134217728 bytes (134 MB, 128 MiB) copied, 9.45523 s, 14.2 MB/s
63 134217728 bytes (134 MB, 128 MiB) copied, 8.75497 s, 15.3 MB/s
64 134217728 bytes (134 MB, 128 MiB) copied, 8.86926 s, 15.1 MB/s
65 134217728 bytes (134 MB, 128 MiB) copied, 9.24148 s, 14.5 MB/s
66 134217728 bytes (134 MB, 128 MiB) copied, 9.25029 s, 14.5 MB/s
67 134217728 bytes (134 MB, 128 MiB) copied, 8.72676 s, 15.4 MB/s
68 134217728 bytes (134 MB, 128 MiB) copied, 9.55801 s, 14.0 MB/s
69 134217728 bytes (134 MB, 128 MiB) copied, 8.75024 s, 15.3 MB/s
70 134217728 bytes (134 MB, 128 MiB) copied, 8.75118 s, 15.3 MB/s
71 134217728 bytes (134 MB, 128 MiB) copied, 9.37943 s, 14.3 MB/s
72 134217728 bytes (134 MB, 128 MiB) copied, 8.95229 s, 15.0 MB/s
73 134217728 bytes (134 MB, 128 MiB) copied, 9.00115 s, 14.9 MB/s
74 134217728 bytes (134 MB, 128 MiB) copied, 9.35015 s, 14.4 MB/s
75 134217728 bytes (134 MB, 128 MiB) copied, 8.90165 s, 15.1 MB/s
76 134217728 bytes (134 MB, 128 MiB) copied, 8.94005 s, 15.0 MB/s
77 134217728 bytes (134 MB, 128 MiB) copied, 9.32518 s, 14.4 MB/s
78 134217728 bytes (134 MB, 128 MiB) copied, 8.71351 s, 15.4 MB/s
79 134217728 bytes (134 MB, 128 MiB) copied, 9.14486 s, 14.7 MB/s
80 134217728 bytes (134 MB, 128 MiB) copied, 9.16728 s, 14.6 MB/s
81 134217728 bytes (134 MB, 128 MiB) copied, 8.72648 s, 15.4 MB/s
82 134217728 bytes (134 MB, 128 MiB) copied, 8.81186 s, 15.2 MB/s
83 134217728 bytes (134 MB, 128 MiB) copied, 9.24325 s, 14.5 MB/s
84 134217728 bytes (134 MB, 128 MiB) copied, 8.67787 s, 15.5 MB/s
85 134217728 bytes (134 MB, 128 MiB) copied, 8.79632 s, 15.3 MB/s
86 134217728 bytes (134 MB, 128 MiB) copied, 9.41882 s, 14.2 MB/s
87 134217728 bytes (134 MB, 128 MiB) copied, 8.76534 s, 15.3 MB/s
88 134217728 bytes (134 MB, 128 MiB) copied, 8.89735 s, 15.1 MB/s
89 134217728 bytes (134 MB, 128 MiB) copied, 9.31002 s, 14.4 MB/s
90 134217728 bytes (134 MB, 128 MiB) copied, 8.7139 s, 15.4 MB/s
91 134217728 bytes (134 MB, 128 MiB) copied, 9.15701 s, 14.7 MB/s
92 134217728 bytes (134 MB, 128 MiB) copied, 9.04269 s, 14.8 MB/s
93 134217728 bytes (134 MB, 128 MiB) copied, 8.92797 s, 15.0 MB/s
94 134217728 bytes (134 MB, 128 MiB) copied, 9.15902 s, 14.7 MB/s
95 134217728 bytes (134 MB, 128 MiB) copied, 9.10763 s, 14.7 MB/s
96 134217728 bytes (134 MB, 128 MiB) copied, 8.71234 s, 15.4 MB/s
97 134217728 bytes (134 MB, 128 MiB) copied, 9.14198 s, 14.7 MB/s
98 134217728 bytes (134 MB, 128 MiB) copied, 9.0138 s, 14.9 MB/s
99 134217728 bytes (134 MB, 128 MiB) copied, 8.77946 s, 15.3 MB/s
100 134217728 bytes (134 MB, 128 MiB) copied, 9.17506 s, 14.6 MB/s
