1 134217728 bytes (134 MB, 128 MiB) copied, 3.73589 s, 35.9 MB/s
2 134217728 bytes (134 MB, 128 MiB) copied, 3.91442 s, 34.3 MB/s
3 134217728 bytes (134 MB, 128 MiB) copied, 3.8986 s, 34.4 MB/s
4 134217728 bytes (134 MB, 128 MiB) copied, 3.82448 s, 35.1 MB/s
5 134217728 bytes (134 MB, 128 MiB) copied, 3.81177 s, 35.2 MB/s
6 134217728 bytes (134 MB, 128 MiB) copied, 3.7767 s, 35.5 MB/s
7 134217728 bytes (134 MB, 128 MiB) copied, 3.76894 s, 35.6 MB/s
8 134217728 bytes (134 MB, 128 MiB) copied, 3.82274 s, 35.1 MB/s
9 134217728 bytes (134 MB, 128 MiB) copied, 3.71615 s, 36.1 MB/s
10 134217728 bytes (134 MB, 128 MiB) copied, 3.74455 s, 35.8 MB/s
11 134217728 bytes (134 MB, 128 MiB) copied, 3.76147 s, 35.7 MB/s
12 134217728 bytes (134 MB, 128 MiB) copied, 3.75302 s, 35.8 MB/s
13 134217728 bytes (134 MB, 128 MiB) copied, 3.76113 s, 35.7 MB/s
14 134217728 bytes (134 MB, 128 MiB) copied, 3.80997 s, 35.2 MB/s
15 134217728 bytes (134 MB, 128 MiB) copied, 3.75048 s, 35.8 MB/s
16 134217728 bytes (134 MB, 128 MiB) copied, 3.77034 s, 35.6 MB/s
17 134217728 bytes (134 MB, 128 MiB) copied, 3.83345 s, 35.0 MB/s
18 134217728 bytes (134 MB, 128 MiB) copied, 3.81933 s, 35.1 MB/s
19 134217728 bytes (134 MB, 128 MiB) copied, 3.83638 s, 35.0 MB/s
20 134217728 bytes (134 MB, 128 MiB) copied, 3.80202 s, 35.3 MB/s
21 134217728 bytes (134 MB, 128 MiB) copied, 3.80341 s, 35.3 MB/s
22 134217728 bytes (134 MB, 128 MiB) copied, 3.91072 s, 34.3 MB/s
23 134217728 bytes (134 MB, 128 MiB) copied, 3.75732 s, 35.7 MB/s
24 134217728 bytes (134 MB, 128 MiB) copied, 3.81315 s, 35.2 MB/s
25 134217728 bytes (134 MB, 128 MiB) copied, 3.77021 s, 35.6 MB/s
26 134217728 bytes (134 MB, 128 MiB) copied, 3.85031 s, 34.9 MB/s
27 134217728 bytes (134 MB, 128 MiB) copied, 3.84259 s, 34.9 MB/s
28 134217728 bytes (134 MB, 128 MiB) copied, 4.36039 s, 30.8 MB/s
29 134217728 bytes (134 MB, 128 MiB) copied, 3.84127 s, 34.9 MB/s
30 134217728 bytes (134 MB, 128 MiB) copied, 3.77453 s, 35.6 MB/s
31 134217728 bytes (134 MB, 128 MiB) copied, 3.8381 s, 35.0 MB/s
32 134217728 bytes (134 MB, 128 MiB) copied, 3.92538 s, 34.2 MB/s
33 134217728 bytes (134 MB, 128 MiB) copied, 3.89494 s, 34.5 MB/s
34 134217728 bytes (134 MB, 128 MiB) copied, 3.79097 s, 35.4 MB/s
35 134217728 bytes (134 MB, 128 MiB) copied, 3.75925 s, 35.7 MB/s
36 134217728 bytes (134 MB, 128 MiB) copied, 3.86354 s, 34.7 MB/s
37 134217728 bytes (134 MB, 128 MiB) copied, 3.82966 s, 35.0 MB/s
38 134217728 bytes (134 MB, 128 MiB) copied, 3.79279 s, 35.4 MB/s
39 134217728 bytes (134 MB, 128 MiB) copied, 3.89927 s, 34.4 MB/s
40 134217728 bytes (134 MB, 128 MiB) copied, 3.8156 s, 35.2 MB/s
41 134217728 bytes (134 MB, 128 MiB) copied, 3.81738 s, 35.2 MB/s
42 134217728 bytes (134 MB, 128 MiB) copied, 3.82394 s, 35.1 MB/s
43 134217728 bytes (134 MB, 128 MiB) copied, 3.90952 s, 34.3 MB/s
44 134217728 bytes (134 MB, 128 MiB) copied, 3.857 s, 34.8 MB/s
45 134217728 bytes (134 MB, 128 MiB) copied, 3.91597 s, 34.3 MB/s
46 134217728 bytes (134 MB, 128 MiB) copied, 3.90588 s, 34.4 MB/s
47 134217728 bytes (134 MB, 128 MiB) copied, 3.81684 s, 35.2 MB/s
48 134217728 bytes (134 MB, 128 MiB) copied, 3.81829 s, 35.2 MB/s
49 134217728 bytes (134 MB, 128 MiB) copied, 3.81114 s, 35.2 MB/s
50 134217728 bytes (134 MB, 128 MiB) copied, 3.84666 s, 34.9 MB/s
51 134217728 bytes (134 MB, 128 MiB) copied, 3.81998 s, 35.1 MB/s
52 134217728 bytes (134 MB, 128 MiB) copied, 3.83686 s, 35.0 MB/s
53 134217728 bytes (134 MB, 128 MiB) copied, 3.76381 s, 35.7 MB/s
54 134217728 bytes (134 MB, 128 MiB) copied, 3.88956 s, 34.5 MB/s
55 134217728 bytes (134 MB, 128 MiB) copied, 4.06613 s, 33.0 MB/s
56 134217728 bytes (134 MB, 128 MiB) copied, 3.79923 s, 35.3 MB/s
57 134217728 bytes (134 MB, 128 MiB) copied, 3.82646 s, 35.1 MB/s
58 134217728 bytes (134 MB, 128 MiB) copied, 3.78077 s, 35.5 MB/s
59 134217728 bytes (134 MB, 128 MiB) copied, 3.78685 s, 35.4 MB/s
60 134217728 bytes (134 MB, 128 MiB) copied, 3.81403 s, 35.2 MB/s
61 134217728 bytes (134 MB, 128 MiB) copied, 3.82849 s, 35.1 MB/s
62 134217728 bytes (134 MB, 128 MiB) copied, 3.80232 s, 35.3 MB/s
63 134217728 bytes (134 MB, 128 MiB) copied, 3.80515 s, 35.3 MB/s
64 134217728 bytes (134 MB, 128 MiB) copied, 3.82126 s, 35.1 MB/s
65 134217728 bytes (134 MB, 128 MiB) copied, 4.0774 s, 32.9 MB/s
66 134217728 bytes (134 MB, 128 MiB) copied, 3.77757 s, 35.5 MB/s
67 134217728 bytes (134 MB, 128 MiB) copied, 3.8212 s, 35.1 MB/s
68 134217728 bytes (134 MB, 128 MiB) copied, 3.87589 s, 34.6 MB/s
69 134217728 bytes (134 MB, 128 MiB) copied, 3.86358 s, 34.7 MB/s
70 134217728 bytes (134 MB, 128 MiB) copied, 3.81674 s, 35.2 MB/s
71 134217728 bytes (134 MB, 128 MiB) copied, 3.8834 s, 34.6 MB/s
72 134217728 bytes (134 MB, 128 MiB) copied, 3.89329 s, 34.5 MB/s
73 134217728 bytes (134 MB, 128 MiB) copied, 3.85884 s, 34.8 MB/s
74 134217728 bytes (134 MB, 128 MiB) copied, 3.86848 s, 34.7 MB/s
75 134217728 bytes (134 MB, 128 MiB) copied, 3.74064 s, 35.9 MB/s
76 134217728 bytes (134 MB, 128 MiB) copied, 3.783 s, 35.5 MB/s
77 134217728 bytes (134 MB, 128 MiB) copied, 3.8101 s, 35.2 MB/s
78 134217728 bytes (134 MB, 128 MiB) copied, 3.75873 s, 35.7 MB/s
79 134217728 bytes (134 MB, 128 MiB) copied, 3.81657 s, 35.2 MB/s
80 134217728 bytes (134 MB, 128 MiB) copied, 3.77779 s, 35.5 MB/s
81 134217728 bytes (134 MB, 128 MiB) copied, 3.75916 s, 35.7 MB/s
82 134217728 bytes (134 MB, 128 MiB) copied, 3.83821 s, 35.0 MB/s
83 134217728 bytes (134 MB, 128 MiB) copied, 3.8478 s, 34.9 MB/s
84 134217728 bytes (134 MB, 128 MiB) copied, 3.83012 s, 35.0 MB/s
85 134217728 bytes (134 MB, 128 MiB) copied, 3.87132 s, 34.7 MB/s
86 134217728 bytes (134 MB, 128 MiB) copied, 3.82723 s, 35.1 MB/s
87 134217728 bytes (134 MB, 128 MiB) copied, 3.8122 s, 35.2 MB/s
88 134217728 bytes (134 MB, 128 MiB) copied, 4.05964 s, 33.1 MB/s
89 134217728 bytes (134 MB, 128 MiB) copied, 3.80791 s, 35.2 MB/s
90 134217728 bytes (134 MB, 128 MiB) copied, 3.90072 s, 34.4 MB/s
91 134217728 bytes (134 MB, 128 MiB) copied, 4.05136 s, 33.1 MB/s
92 134217728 bytes (134 MB, 128 MiB) copied, 3.76661 s, 35.6 MB/s
93 134217728 bytes (134 MB, 128 MiB) copied, 3.82699 s, 35.1 MB/s
94 134217728 bytes (134 MB, 128 MiB) copied, 3.84094 s, 34.9 MB/s
95 134217728 bytes (134 MB, 128 MiB) copied, 3.82009 s, 35.1 MB/s
96 134217728 bytes (134 MB, 128 MiB) copied, 3.75708 s, 35.7 MB/s
97 134217728 bytes (134 MB, 128 MiB) copied, 3.74418 s, 35.8 MB/s
98 134217728 bytes (134 MB, 128 MiB) copied, 3.92988 s, 34.2 MB/s
99 134217728 bytes (134 MB, 128 MiB) copied, 3.8017 s, 35.3 MB/s
100 134217728 bytes (134 MB, 128 MiB) copied, 3.77483 s, 35.6 MB/s
