1 134217728 bytes (134 MB, 128 MiB) copied, 22.1141 s, 6.1 MB/s
2 134217728 bytes (134 MB, 128 MiB) copied, 7.0954 s, 18.9 MB/s
3 134217728 bytes (134 MB, 128 MiB) copied, 7.09849 s, 18.9 MB/s
4 134217728 bytes (134 MB, 128 MiB) copied, 7.16743 s, 18.7 MB/s
5 134217728 bytes (134 MB, 128 MiB) copied, 7.11895 s, 18.9 MB/s
6 134217728 bytes (134 MB, 128 MiB) copied, 7.11693 s, 18.9 MB/s
7 134217728 bytes (134 MB, 128 MiB) copied, 7.13272 s, 18.8 MB/s
8 134217728 bytes (134 MB, 128 MiB) copied, 7.10278 s, 18.9 MB/s
9 134217728 bytes (134 MB, 128 MiB) copied, 7.13924 s, 18.8 MB/s
10 134217728 bytes (134 MB, 128 MiB) copied, 7.12943 s, 18.8 MB/s
11 134217728 bytes (134 MB, 128 MiB) copied, 7.16141 s, 18.7 MB/s
12 134217728 bytes (134 MB, 128 MiB) copied, 7.13233 s, 18.8 MB/s
13 134217728 bytes (134 MB, 128 MiB) copied, 7.13168 s, 18.8 MB/s
14 134217728 bytes (134 MB, 128 MiB) copied, 7.13187 s, 18.8 MB/s
15 134217728 bytes (134 MB, 128 MiB) copied, 7.14974 s, 18.8 MB/s
16 134217728 bytes (134 MB, 128 MiB) copied, 7.23231 s, 18.6 MB/s
17 134217728 bytes (134 MB, 128 MiB) copied, 7.16142 s, 18.7 MB/s
18 134217728 bytes (134 MB, 128 MiB) copied, 7.16051 s, 18.7 MB/s
19 134217728 bytes (134 MB, 128 MiB) copied, 7.22037 s, 18.6 MB/s
20 134217728 bytes (134 MB, 128 MiB) copied, 7.21404 s, 18.6 MB/s
21 134217728 bytes (134 MB, 128 MiB) copied, 7.21008 s, 18.6 MB/s
22 134217728 bytes (134 MB, 128 MiB) copied, 7.25011 s, 18.5 MB/s
23 134217728 bytes (134 MB, 128 MiB) copied, 7.27565 s, 18.4 MB/s
24 134217728 bytes (134 MB, 128 MiB) copied, 7.22878 s, 18.6 MB/s
25 134217728 bytes (134 MB, 128 MiB) copied, 7.24396 s, 18.5 MB/s
26 134217728 bytes (134 MB, 128 MiB) copied, 7.25139 s, 18.5 MB/s
27 134217728 bytes (134 MB, 128 MiB) copied, 7.2511 s, 18.5 MB/s
28 134217728 bytes (134 MB, 128 MiB) copied, 7.26188 s, 18.5 MB/s
29 134217728 bytes (134 MB, 128 MiB) copied, 7.28182 s, 18.4 MB/s
30 134217728 bytes (134 MB, 128 MiB) copied, 7.29884 s, 18.4 MB/s
31 134217728 bytes (134 MB, 128 MiB) copied, 7.27037 s, 18.5 MB/s
32 134217728 bytes (134 MB, 128 MiB) copied, 7.29419 s, 18.4 MB/s
33 134217728 bytes (134 MB, 128 MiB) copied, 7.30266 s, 18.4 MB/s
34 134217728 bytes (134 MB, 128 MiB) copied, 7.27234 s, 18.5 MB/s
35 134217728 bytes (134 MB, 128 MiB) copied, 7.31482 s, 18.3 MB/s
36 134217728 bytes (134 MB, 128 MiB) copied, 7.37628 s, 18.2 MB/s
37 134217728 bytes (134 MB, 128 MiB) copied, 7.30971 s, 18.4 MB/s
38 134217728 bytes (134 MB, 128 MiB) copied, 7.32187 s, 18.3 MB/s
39 134217728 bytes (134 MB, 128 MiB) copied, 7.31672 s, 18.3 MB/s
40 134217728 bytes (134 MB, 128 MiB) copied, 7.32889 s, 18.3 MB/s
41 134217728 bytes (134 MB, 128 MiB) copied, 7.37084 s, 18.2 MB/s
42 134217728 bytes (134 MB, 128 MiB) copied, 7.42086 s, 18.1 MB/s
43 134217728 bytes (134 MB, 128 MiB) copied, 7.36112 s, 18.2 MB/s
44 134217728 bytes (134 MB, 128 MiB) copied, 7.40388 s, 18.1 MB/s
45 134217728 bytes (134 MB, 128 MiB) copied, 7.43771 s, 18.0 MB/s
46 134217728 bytes (134 MB, 128 MiB) copied, 7.40691 s, 18.1 MB/s
47 134217728 bytes (134 MB, 128 MiB) copied, 7.39875 s, 18.1 MB/s
48 134217728 bytes (134 MB, 128 MiB) copied, 7.44151 s, 18.0 MB/s
49 134217728 bytes (134 MB, 128 MiB) copied, 7.40868 s, 18.1 MB/s
50 134217728 bytes (134 MB, 128 MiB) copied, 7.40247 s, 18.1 MB/s
51 134217728 bytes (134 MB, 128 MiB) copied, 7.445 s, 18.0 MB/s
52 134217728 bytes (134 MB, 128 MiB) copied, 7.43787 s, 18.0 MB/s
53 134217728 bytes (134 MB, 128 MiB) copied, 7.455 s, 18.0 MB/s
54 134217728 bytes (134 MB, 128 MiB) copied, 7.45114 s, 18.0 MB/s
55 134217728 bytes (134 MB, 128 MiB) copied, 7.51004 s, 17.9 MB/s
56 134217728 bytes (134 MB, 128 MiB) copied, 7.49409 s, 17.9 MB/s
57 134217728 bytes (134 MB, 128 MiB) copied, 7.48467 s, 17.9 MB/s
58 134217728 bytes (134 MB, 128 MiB) copied, 7.49356 s, 17.9 MB/s
59 134217728 bytes (134 MB, 128 MiB) copied, 7.51591 s, 17.9 MB/s
60 134217728 bytes (134 MB, 128 MiB) copied, 7.55436 s, 17.8 MB/s
61 134217728 bytes (134 MB, 128 MiB) copied, 7.53992 s, 17.8 MB/s
62 134217728 bytes (134 MB, 128 MiB) copied, 7.49406 s, 17.9 MB/s
63 134217728 bytes (134 MB, 128 MiB) copied, 7.54352 s, 17.8 MB/s
64 134217728 bytes (134 MB, 128 MiB) copied, 7.52805 s, 17.8 MB/s
65 134217728 bytes (134 MB, 128 MiB) copied, 7.55476 s, 17.8 MB/s
66 134217728 bytes (134 MB, 128 MiB) copied, 7.58695 s, 17.7 MB/s
67 134217728 bytes (134 MB, 128 MiB) copied, 7.56156 s, 17.8 MB/s
68 134217728 bytes (134 MB, 128 MiB) copied, 7.57454 s, 17.7 MB/s
69 134217728 bytes (134 MB, 128 MiB) copied, 7.57162 s, 17.7 MB/s
70 134217728 bytes (134 MB, 128 MiB) copied, 7.5803 s, 17.7 MB/s
71 134217728 bytes (134 MB, 128 MiB) copied, 7.63839 s, 17.6 MB/s
72 134217728 bytes (134 MB, 128 MiB) copied, 7.63218 s, 17.6 MB/s
73 134217728 bytes (134 MB, 128 MiB) copied, 7.64867 s, 17.5 MB/s
74 134217728 bytes (134 MB, 128 MiB) copied, 7.60704 s, 17.6 MB/s
75 134217728 bytes (134 MB, 128 MiB) copied, 7.65184 s, 17.5 MB/s
76 134217728 bytes (134 MB, 128 MiB) copied, 7.65907 s, 17.5 MB/s
77 134217728 bytes (134 MB, 128 MiB) copied, 7.63567 s, 17.6 MB/s
78 134217728 bytes (134 MB, 128 MiB) copied, 7.64509 s, 17.6 MB/s
79 134217728 bytes (134 MB, 128 MiB) copied, 7.68492 s, 17.5 MB/s
80 134217728 bytes (134 MB, 128 MiB) copied, 7.69622 s, 17.4 MB/s
81 134217728 bytes (134 MB, 128 MiB) copied, 7.69506 s, 17.4 MB/s
82 134217728 bytes (134 MB, 128 MiB) copied, 7.67143 s, 17.5 MB/s
83 134217728 bytes (134 MB, 128 MiB) copied, 7.7207 s, 17.4 MB/s
84 134217728 bytes (134 MB, 128 MiB) copied, 7.69664 s, 17.4 MB/s
85 134217728 bytes (134 MB, 128 MiB) copied, 7.73059 s, 17.4 MB/s
86 134217728 bytes (134 MB, 128 MiB) copied, 7.76724 s, 17.3 MB/s
87 134217728 bytes (134 MB, 128 MiB) copied, 7.70346 s, 17.4 MB/s
88 134217728 bytes (134 MB, 128 MiB) copied, 7.72412 s, 17.4 MB/s
89 134217728 bytes (134 MB, 128 MiB) copied, 7.75588 s, 17.3 MB/s
90 134217728 bytes (134 MB, 128 MiB) copied, 7.73585 s, 17.4 MB/s
91 134217728 bytes (134 MB, 128 MiB) copied, 7.35911 s, 18.2 MB/s
92 134217728 bytes (134 MB, 128 MiB) copied, 7.11618 s, 18.9 MB/s
93 134217728 bytes (134 MB, 128 MiB) copied, 7.13747 s, 18.8 MB/s
94 134217728 bytes (134 MB, 128 MiB) copied, 7.12084 s, 18.8 MB/s
95 134217728 bytes (134 MB, 128 MiB) copied, 7.12241 s, 18.8 MB/s
96 134217728 bytes (134 MB, 128 MiB) copied, 7.11456 s, 18.9 MB/s
97 134217728 bytes (134 MB, 128 MiB) copied, 7.14998 s, 18.8 MB/s
98 134217728 bytes (134 MB, 128 MiB) copied, 7.1566 s, 18.8 MB/s
99 134217728 bytes (134 MB, 128 MiB) copied, 7.14505 s, 18.8 MB/s
100 134217728 bytes (134 MB, 128 MiB) copied, 7.15901 s, 18.7 MB/s
